<?xml version="1.0" encoding="utf-8"?><testsuites name="pytest tests"><testsuite name="pytest" errors="0" failures="0" skipped="0" tests="8" time="1.744" timestamp="2026-03-29T17:22:13.972928+00:00" hostname="agent-env-742b9b33-9163-41b8-b416-fb34b92307ab"><testcase classname="backend.tests.test_card_types.TestNewCardTypes" name="test_create_red_monster" time="0.282" /><testcase classname="backend.tests.test_card_types.TestNewCardTypes" name="test_create_token_monster" time="0.221" /><testcase classname="backend.tests.test_card_types.TestFusionSpellType" name="test_create_fusion_spell" time="0.211" /><testcase classname="backend.tests.test_card_types.TestFusionSpellType" name="test_update_spell_to_fusion_type" time="0.233" /><testcase classname="backend.tests.test_card_types.TestCardTypeFiltering" name="test_filter_by_red_monster_type" time="0.249" /><testcase classname="backend.tests.test_card_types.TestCardTypeFiltering" name="test_filter_by_token_type" time="0.231" /><testcase classname="backend.tests.test_card_types.TestHealthCheck" name="test_api_root" time="0.104" /><testcase classname="backend.tests.test_card_types.TestHealthCheck" name="test_cards_list" time="0.128" /></testsuite></testsuites>